{"/Users/joao/Sites/task-tool/src/js/modules/Boards/Boards.actions.js": {"path":"/Users/joao/Sites/task-tool/src/js/modules/Boards/Boards.actions.js","statementMap":{"0":{"start":{"line":1,"column":28},"end":{"line":1,"column":42}},"1":{"start":{"line":2,"column":26},"end":{"line":2,"column":38}},"2":{"start":{"line":3,"column":28},"end":{"line":3,"column":42}},"3":{"start":{"line":4,"column":26},"end":{"line":4,"column":38}},"4":{"start":{"line":6,"column":27},"end":{"line":8,"column":2}},"5":{"start":{"line":6,"column":34},"end":{"line":8,"column":1}},"6":{"start":{"line":10,"column":27},"end":{"line":13,"column":2}},"7":{"start":{"line":10,"column":37},"end":{"line":13,"column":1}},"8":{"start":{"line":15,"column":25},"end":{"line":19,"column":2}},"9":{"start":{"line":15,"column":35},"end":{"line":19,"column":1}},"10":{"start":{"line":21,"column":25},"end":{"line":24,"column":2}},"11":{"start":{"line":21,"column":37},"end":{"line":24,"column":1}}},"fnMap":{"0":{"name":"(anonymous_0)","decl":{"start":{"line":6,"column":27},"end":{"line":6,"column":28}},"loc":{"start":{"line":6,"column":34},"end":{"line":8,"column":1}},"line":6},"1":{"name":"(anonymous_1)","decl":{"start":{"line":10,"column":27},"end":{"line":10,"column":28}},"loc":{"start":{"line":10,"column":37},"end":{"line":13,"column":1}},"line":10},"2":{"name":"(anonymous_2)","decl":{"start":{"line":15,"column":25},"end":{"line":15,"column":26}},"loc":{"start":{"line":15,"column":35},"end":{"line":19,"column":1}},"line":15},"3":{"name":"(anonymous_3)","decl":{"start":{"line":21,"column":25},"end":{"line":21,"column":26}},"loc":{"start":{"line":21,"column":37},"end":{"line":24,"column":1}},"line":21}},"branchMap":{},"s":{"0":1,"1":1,"2":1,"3":1,"4":1,"5":0,"6":1,"7":0,"8":1,"9":0,"10":1,"11":0},"f":{"0":0,"1":0,"2":0,"3":0},"b":{},"_coverageSchema":"332fd63041d2c1bcb487cc26dd0d5f7d97098a6c","hash":"2c7fae45f1606eb178df221c48c36a645f90d505"}
,"/Users/joao/Sites/task-tool/src/js/modules/Boards/Boards.reducer.js": {"path":"/Users/joao/Sites/task-tool/src/js/modules/Boards/Boards.reducer.js","statementMap":{"0":{"start":{"line":10,"column":30},"end":{"line":10,"column":35}},"1":{"start":{"line":12,"column":27},"end":{"line":24,"column":2}},"2":{"start":{"line":26,"column":18},"end":{"line":36,"column":1}},"3":{"start":{"line":27,"column":2},"end":{"line":29,"column":3}},"4":{"start":{"line":28,"column":4},"end":{"line":28,"column":54}},"5":{"start":{"line":28,"column":32},"end":{"line":28,"column":52}},"6":{"start":{"line":30,"column":2},"end":{"line":35,"column":5}},"7":{"start":{"line":31,"column":4},"end":{"line":33,"column":5}},"8":{"start":{"line":32,"column":6},"end":{"line":32,"column":60}},"9":{"start":{"line":34,"column":4},"end":{"line":34,"column":16}},"10":{"start":{"line":38,"column":18},"end":{"line":43,"column":2}},"11":{"start":{"line":38,"column":38},"end":{"line":43,"column":2}},"12":{"start":{"line":39,"column":2},"end":{"line":41,"column":3}},"13":{"start":{"line":40,"column":4},"end":{"line":40,"column":39}},"14":{"start":{"line":42,"column":2},"end":{"line":42,"column":38}},"15":{"start":{"line":45,"column":15},"end":{"line":65,"column":1}},"16":{"start":{"line":46,"column":2},"end":{"line":64,"column":3}},"17":{"start":{"line":48,"column":6},"end":{"line":55,"column":8}},"18":{"start":{"line":57,"column":6},"end":{"line":57,"column":68}},"19":{"start":{"line":59,"column":6},"end":{"line":59,"column":41}},"20":{"start":{"line":61,"column":6},"end":{"line":61,"column":19}},"21":{"start":{"line":63,"column":6},"end":{"line":63,"column":19}}},"fnMap":{"0":{"name":"(anonymous_0)","decl":{"start":{"line":26,"column":18},"end":{"line":26,"column":19}},"loc":{"start":{"line":26,"column":36},"end":{"line":36,"column":1}},"line":26},"1":{"name":"(anonymous_1)","decl":{"start":{"line":28,"column":24},"end":{"line":28,"column":25}},"loc":{"start":{"line":28,"column":32},"end":{"line":28,"column":52}},"line":28},"2":{"name":"(anonymous_2)","decl":{"start":{"line":30,"column":19},"end":{"line":30,"column":20}},"loc":{"start":{"line":30,"column":29},"end":{"line":35,"column":3}},"line":30},"3":{"name":"(anonymous_3)","decl":{"start":{"line":38,"column":18},"end":{"line":38,"column":19}},"loc":{"start":{"line":38,"column":38},"end":{"line":43,"column":2}},"line":38},"4":{"name":"(anonymous_4)","decl":{"start":{"line":38,"column":48},"end":{"line":38,"column":49}},"loc":{"start":{"line":38,"column":58},"end":{"line":43,"column":1}},"line":38},"5":{"name":"(anonymous_5)","decl":{"start":{"line":45,"column":15},"end":{"line":45,"column":16}},"loc":{"start":{"line":45,"column":55},"end":{"line":65,"column":1}},"line":45}},"branchMap":{"0":{"loc":{"start":{"line":27,"column":2},"end":{"line":29,"column":3}},"type":"if","locations":[{"start":{"line":27,"column":2},"end":{"line":29,"column":3}},{"start":{"line":27,"column":2},"end":{"line":29,"column":3}}],"line":27},"1":{"loc":{"start":{"line":31,"column":4},"end":{"line":33,"column":5}},"type":"if","locations":[{"start":{"line":31,"column":4},"end":{"line":33,"column":5}},{"start":{"line":31,"column":4},"end":{"line":33,"column":5}}],"line":31},"2":{"loc":{"start":{"line":39,"column":2},"end":{"line":41,"column":3}},"type":"if","locations":[{"start":{"line":39,"column":2},"end":{"line":41,"column":3}},{"start":{"line":39,"column":2},"end":{"line":41,"column":3}}],"line":39},"3":{"loc":{"start":{"line":45,"column":16},"end":{"line":45,"column":42}},"type":"default-arg","locations":[{"start":{"line":45,"column":24},"end":{"line":45,"column":42}}],"line":45},"4":{"loc":{"start":{"line":46,"column":2},"end":{"line":64,"column":3}},"type":"switch","locations":[{"start":{"line":47,"column":4},"end":{"line":55,"column":8}},{"start":{"line":56,"column":4},"end":{"line":57,"column":68}},{"start":{"line":58,"column":4},"end":{"line":59,"column":41}},{"start":{"line":60,"column":4},"end":{"line":61,"column":19}},{"start":{"line":62,"column":4},"end":{"line":63,"column":19}}],"line":46}},"s":{"0":1,"1":1,"2":1,"3":0,"4":0,"5":0,"6":0,"7":0,"8":0,"9":0,"10":1,"11":0,"12":0,"13":0,"14":0,"15":1,"16":0,"17":0,"18":0,"19":0,"20":0,"21":0},"f":{"0":0,"1":0,"2":0,"3":0,"4":0,"5":0},"b":{"0":[0,0],"1":[0,0],"2":[0,0],"3":[0],"4":[0,0,0,0,0]},"_coverageSchema":"332fd63041d2c1bcb487cc26dd0d5f7d97098a6c","hash":"607ab2c55b6e8940ae86f2b13f411c5031b20c25"}
,"/Users/joao/Sites/task-tool/src/js/modules/Boards/components/Board/Board.js": {"path":"/Users/joao/Sites/task-tool/src/js/modules/Boards/components/Board/Board.js","statementMap":{"0":{"start":{"line":10,"column":18},"end":{"line":17,"column":1}},"1":{"start":{"line":12,"column":4},"end":{"line":14,"column":6}},"2":{"start":{"line":20,"column":2},"end":{"line":23,"column":4}},"3":{"start":{"line":26,"column":22},"end":{"line":29,"column":2}},"4":{"start":{"line":26,"column":32},"end":{"line":29,"column":2}},"5":{"start":{"line":31,"column":14},"end":{"line":50,"column":1}},"6":{"start":{"line":39,"column":6},"end":{"line":50,"column":1}},"7":{"start":{"line":52,"column":0},"end":{"line":54,"column":2}}},"fnMap":{"0":{"name":"collect","decl":{"start":{"line":19,"column":9},"end":{"line":19,"column":16}},"loc":{"start":{"line":19,"column":35},"end":{"line":24,"column":1}},"line":19},"1":{"name":"(anonymous_1)","decl":{"start":{"line":26,"column":22},"end":{"line":26,"column":23}},"loc":{"start":{"line":26,"column":32},"end":{"line":29,"column":2}},"line":26},"2":{"name":"(anonymous_2)","decl":{"start":{"line":31,"column":14},"end":{"line":31,"column":15}},"loc":{"start":{"line":39,"column":6},"end":{"line":50,"column":1}},"line":39}},"branchMap":{},"s":{"0":1,"1":0,"2":0,"3":1,"4":0,"5":1,"6":0,"7":1},"f":{"0":0,"1":0,"2":0},"b":{},"_coverageSchema":"332fd63041d2c1bcb487cc26dd0d5f7d97098a6c","hash":"a9f20cffe8a4a7c76a3613270cb362b285036f88"}
,"/Users/joao/Sites/task-tool/src/js/modules/Boards/components/BoardForm/BoardForm.js": {"path":"/Users/joao/Sites/task-tool/src/js/modules/Boards/components/BoardForm/BoardForm.js","statementMap":{"0":{"start":{"line":8,"column":4},"end":{"line":8,"column":17}},"1":{"start":{"line":9,"column":4},"end":{"line":11,"column":6}},"2":{"start":{"line":13,"column":4},"end":{"line":13,"column":53}},"3":{"start":{"line":14,"column":4},"end":{"line":14,"column":59}},"4":{"start":{"line":15,"column":4},"end":{"line":15,"column":61}},"5":{"start":{"line":16,"column":4},"end":{"line":16,"column":51}},"6":{"start":{"line":20,"column":4},"end":{"line":22,"column":5}},"7":{"start":{"line":21,"column":6},"end":{"line":21,"column":29}},"8":{"start":{"line":26,"column":4},"end":{"line":28,"column":5}},"9":{"start":{"line":27,"column":6},"end":{"line":27,"column":29}},"10":{"start":{"line":32,"column":22},"end":{"line":32,"column":34}},"11":{"start":{"line":33,"column":4},"end":{"line":36,"column":7}},"12":{"start":{"line":40,"column":4},"end":{"line":42,"column":7}},"13":{"start":{"line":46,"column":24},"end":{"line":46,"column":29}},"14":{"start":{"line":47,"column":22},"end":{"line":47,"column":34}},"15":{"start":{"line":49,"column":4},"end":{"line":54,"column":5}},"16":{"start":{"line":50,"column":6},"end":{"line":53,"column":9}},"17":{"start":{"line":58,"column":4},"end":{"line":58,"column":42}},"18":{"start":{"line":62,"column":21},"end":{"line":62,"column":31}},"19":{"start":{"line":63,"column":25},"end":{"line":63,"column":35}},"20":{"start":{"line":65,"column":4},"end":{"line":77,"column":6}},"21":{"start":{"line":69,"column":25},"end":{"line":69,"column":45}},"22":{"start":{"line":81,"column":0},"end":{"line":87,"column":2}},"23":{"start":{"line":89,"column":0},"end":{"line":94,"column":2}}},"fnMap":{"0":{"name":"(anonymous_0)","decl":{"start":{"line":7,"column":2},"end":{"line":7,"column":3}},"loc":{"start":{"line":7,"column":21},"end":{"line":17,"column":3}},"line":7},"1":{"name":"(anonymous_1)","decl":{"start":{"line":19,"column":2},"end":{"line":19,"column":3}},"loc":{"start":{"line":19,"column":22},"end":{"line":23,"column":3}},"line":19},"2":{"name":"(anonymous_2)","decl":{"start":{"line":25,"column":2},"end":{"line":25,"column":3}},"loc":{"start":{"line":25,"column":23},"end":{"line":29,"column":3}},"line":25},"3":{"name":"(anonymous_3)","decl":{"start":{"line":31,"column":2},"end":{"line":31,"column":3}},"loc":{"start":{"line":31,"column":25},"end":{"line":37,"column":3}},"line":31},"4":{"name":"(anonymous_4)","decl":{"start":{"line":39,"column":2},"end":{"line":39,"column":3}},"loc":{"start":{"line":39,"column":22},"end":{"line":43,"column":3}},"line":39},"5":{"name":"(anonymous_5)","decl":{"start":{"line":45,"column":2},"end":{"line":45,"column":3}},"loc":{"start":{"line":45,"column":26},"end":{"line":55,"column":3}},"line":45},"6":{"name":"(anonymous_6)","decl":{"start":{"line":57,"column":2},"end":{"line":57,"column":3}},"loc":{"start":{"line":57,"column":16},"end":{"line":59,"column":3}},"line":57},"7":{"name":"(anonymous_7)","decl":{"start":{"line":61,"column":2},"end":{"line":61,"column":3}},"loc":{"start":{"line":61,"column":11},"end":{"line":78,"column":3}},"line":61},"8":{"name":"(anonymous_8)","decl":{"start":{"line":69,"column":15},"end":{"line":69,"column":16}},"loc":{"start":{"line":69,"column":23},"end":{"line":69,"column":47}},"line":69},"9":{"name":"(anonymous_9)","decl":{"start":{"line":92,"column":19},"end":{"line":92,"column":20}},"loc":{"start":{"line":92,"column":25},"end":{"line":92,"column":27}},"line":92},"10":{"name":"(anonymous_10)","decl":{"start":{"line":93,"column":15},"end":{"line":93,"column":16}},"loc":{"start":{"line":93,"column":21},"end":{"line":93,"column":23}},"line":93}},"branchMap":{"0":{"loc":{"start":{"line":20,"column":4},"end":{"line":22,"column":5}},"type":"if","locations":[{"start":{"line":20,"column":4},"end":{"line":22,"column":5}},{"start":{"line":20,"column":4},"end":{"line":22,"column":5}}],"line":20},"1":{"loc":{"start":{"line":26,"column":4},"end":{"line":28,"column":5}},"type":"if","locations":[{"start":{"line":26,"column":4},"end":{"line":28,"column":5}},{"start":{"line":26,"column":4},"end":{"line":28,"column":5}}],"line":26},"2":{"loc":{"start":{"line":49,"column":4},"end":{"line":54,"column":5}},"type":"if","locations":[{"start":{"line":49,"column":4},"end":{"line":54,"column":5}},{"start":{"line":49,"column":4},"end":{"line":54,"column":5}}],"line":49},"3":{"loc":{"start":{"line":67,"column":9},"end":{"line":74,"column":97}},"type":"cond-expr","locations":[{"start":{"line":67,"column":20},"end":{"line":74,"column":10}},{"start":{"line":74,"column":13},"end":{"line":74,"column":97}}],"line":67}},"s":{"0":0,"1":0,"2":0,"3":0,"4":0,"5":0,"6":0,"7":0,"8":0,"9":0,"10":0,"11":0,"12":0,"13":0,"14":0,"15":0,"16":0,"17":0,"18":0,"19":0,"20":0,"21":0,"22":1,"23":1},"f":{"0":0,"1":0,"2":0,"3":0,"4":0,"5":0,"6":0,"7":0,"8":0,"9":0,"10":0},"b":{"0":[0,0],"1":[0,0],"2":[0,0],"3":[0,0]},"_coverageSchema":"332fd63041d2c1bcb487cc26dd0d5f7d97098a6c","hash":"9d31b5248d27b7be32cbbee674cb796849f63821"}
,"/Users/joao/Sites/task-tool/src/js/modules/Boards/components/BoardForm/index.js": {"path":"/Users/joao/Sites/task-tool/src/js/modules/Boards/components/BoardForm/index.js","statementMap":{},"fnMap":{},"branchMap":{},"s":{},"f":{},"b":{},"_coverageSchema":"332fd63041d2c1bcb487cc26dd0d5f7d97098a6c","hash":"012fce891f4dbf0219a9c410fbf70513ffb05231"}
,"/Users/joao/Sites/task-tool/src/js/modules/Cards/Cards.actions.js": {"path":"/Users/joao/Sites/task-tool/src/js/modules/Cards/Cards.actions.js","statementMap":{"0":{"start":{"line":2,"column":27},"end":{"line":2,"column":40}},"1":{"start":{"line":3,"column":25},"end":{"line":3,"column":36}},"2":{"start":{"line":4,"column":27},"end":{"line":4,"column":40}},"3":{"start":{"line":5,"column":25},"end":{"line":5,"column":36}},"4":{"start":{"line":6,"column":28},"end":{"line":6,"column":42}},"5":{"start":{"line":9,"column":26},"end":{"line":12,"column":2}},"6":{"start":{"line":9,"column":38},"end":{"line":12,"column":1}},"7":{"start":{"line":14,"column":24},"end":{"line":17,"column":2}},"8":{"start":{"line":14,"column":35},"end":{"line":17,"column":1}},"9":{"start":{"line":19,"column":26},"end":{"line":22,"column":2}},"10":{"start":{"line":19,"column":35},"end":{"line":22,"column":1}},"11":{"start":{"line":24,"column":24},"end":{"line":28,"column":2}},"12":{"start":{"line":24,"column":33},"end":{"line":28,"column":1}},"13":{"start":{"line":30,"column":27},"end":{"line":34,"column":2}},"14":{"start":{"line":30,"column":49},"end":{"line":34,"column":1}}},"fnMap":{"0":{"name":"(anonymous_0)","decl":{"start":{"line":9,"column":26},"end":{"line":9,"column":27}},"loc":{"start":{"line":9,"column":38},"end":{"line":12,"column":1}},"line":9},"1":{"name":"(anonymous_1)","decl":{"start":{"line":14,"column":24},"end":{"line":14,"column":25}},"loc":{"start":{"line":14,"column":35},"end":{"line":17,"column":1}},"line":14},"2":{"name":"(anonymous_2)","decl":{"start":{"line":19,"column":26},"end":{"line":19,"column":27}},"loc":{"start":{"line":19,"column":35},"end":{"line":22,"column":1}},"line":19},"3":{"name":"(anonymous_3)","decl":{"start":{"line":24,"column":24},"end":{"line":24,"column":25}},"loc":{"start":{"line":24,"column":33},"end":{"line":28,"column":1}},"line":24},"4":{"name":"(anonymous_4)","decl":{"start":{"line":30,"column":27},"end":{"line":30,"column":28}},"loc":{"start":{"line":30,"column":49},"end":{"line":34,"column":1}},"line":30}},"branchMap":{},"s":{"0":1,"1":1,"2":1,"3":1,"4":1,"5":1,"6":0,"7":1,"8":0,"9":1,"10":0,"11":1,"12":0,"13":1,"14":0},"f":{"0":0,"1":0,"2":0,"3":0,"4":0},"b":{},"_coverageSchema":"332fd63041d2c1bcb487cc26dd0d5f7d97098a6c","hash":"abf9575049d07e38edffe1a5ee37864cd5cb7a83"}
,"/Users/joao/Sites/task-tool/src/js/modules/Cards/Cards.container.js": {"path":"/Users/joao/Sites/task-tool/src/js/modules/Cards/Cards.container.js","statementMap":{"0":{"start":{"line":6,"column":20},"end":{"line":6,"column":86}},"1":{"start":{"line":6,"column":40},"end":{"line":6,"column":86}},"2":{"start":{"line":6,"column":61},"end":{"line":6,"column":85}},"3":{"start":{"line":8,"column":24},"end":{"line":11,"column":2}},"4":{"start":{"line":8,"column":53},"end":{"line":11,"column":1}},"5":{"start":{"line":13,"column":27},"end":{"line":18,"column":2}},"6":{"start":{"line":13,"column":40},"end":{"line":18,"column":1}},"7":{"start":{"line":14,"column":32},"end":{"line":14,"column":61}},"8":{"start":{"line":15,"column":22},"end":{"line":15,"column":46}},"9":{"start":{"line":16,"column":24},"end":{"line":16,"column":50}},"10":{"start":{"line":17,"column":36},"end":{"line":17,"column":74}},"11":{"start":{"line":20,"column":14},"end":{"line":20,"column":69}}},"fnMap":{"0":{"name":"(anonymous_0)","decl":{"start":{"line":6,"column":20},"end":{"line":6,"column":21}},"loc":{"start":{"line":6,"column":40},"end":{"line":6,"column":86}},"line":6},"1":{"name":"(anonymous_1)","decl":{"start":{"line":6,"column":53},"end":{"line":6,"column":54}},"loc":{"start":{"line":6,"column":61},"end":{"line":6,"column":85}},"line":6},"2":{"name":"(anonymous_2)","decl":{"start":{"line":8,"column":24},"end":{"line":8,"column":25}},"loc":{"start":{"line":8,"column":53},"end":{"line":11,"column":1}},"line":8},"3":{"name":"(anonymous_3)","decl":{"start":{"line":13,"column":27},"end":{"line":13,"column":28}},"loc":{"start":{"line":13,"column":40},"end":{"line":18,"column":1}},"line":13},"4":{"name":"(anonymous_4)","decl":{"start":{"line":14,"column":21},"end":{"line":14,"column":22}},"loc":{"start":{"line":14,"column":32},"end":{"line":14,"column":61}},"line":14},"5":{"name":"(anonymous_5)","decl":{"start":{"line":15,"column":14},"end":{"line":15,"column":15}},"loc":{"start":{"line":15,"column":22},"end":{"line":15,"column":46}},"line":15},"6":{"name":"(anonymous_6)","decl":{"start":{"line":16,"column":14},"end":{"line":16,"column":15}},"loc":{"start":{"line":16,"column":24},"end":{"line":16,"column":50}},"line":16},"7":{"name":"(anonymous_7)","decl":{"start":{"line":17,"column":15},"end":{"line":17,"column":16}},"loc":{"start":{"line":17,"column":36},"end":{"line":17,"column":74}},"line":17}},"branchMap":{},"s":{"0":1,"1":0,"2":0,"3":1,"4":0,"5":1,"6":0,"7":0,"8":0,"9":0,"10":0,"11":1},"f":{"0":0,"1":0,"2":0,"3":0,"4":0,"5":0,"6":0,"7":0},"b":{},"_coverageSchema":"332fd63041d2c1bcb487cc26dd0d5f7d97098a6c","hash":"ba26576908ed542f3cdc6dd526bf9ac83800d57b"}
,"/Users/joao/Sites/task-tool/src/js/modules/Cards/Cards.reducer.js": {"path":"/Users/joao/Sites/task-tool/src/js/modules/Cards/Cards.reducer.js","statementMap":{"0":{"start":{"line":11,"column":26},"end":{"line":16,"column":2}},"1":{"start":{"line":18,"column":17},"end":{"line":28,"column":1}},"2":{"start":{"line":19,"column":2},"end":{"line":26,"column":3}},"3":{"start":{"line":20,"column":4},"end":{"line":25,"column":7}},"4":{"start":{"line":21,"column":6},"end":{"line":23,"column":7}},"5":{"start":{"line":22,"column":8},"end":{"line":22,"column":75}},"6":{"start":{"line":24,"column":6},"end":{"line":24,"column":18}},"7":{"start":{"line":27,"column":2},"end":{"line":27,"column":51}},"8":{"start":{"line":27,"column":30},"end":{"line":27,"column":49}},"9":{"start":{"line":30,"column":14},"end":{"line":51,"column":1}},"10":{"start":{"line":31,"column":2},"end":{"line":50,"column":3}},"11":{"start":{"line":33,"column":6},"end":{"line":41,"column":8}},"12":{"start":{"line":43,"column":6},"end":{"line":43,"column":81}},"13":{"start":{"line":45,"column":6},"end":{"line":45,"column":95}},"14":{"start":{"line":45,"column":32},"end":{"line":45,"column":92}},"15":{"start":{"line":47,"column":6},"end":{"line":47,"column":108}},"16":{"start":{"line":47,"column":32},"end":{"line":47,"column":105}},"17":{"start":{"line":49,"column":6},"end":{"line":49,"column":19}}},"fnMap":{"0":{"name":"(anonymous_0)","decl":{"start":{"line":18,"column":17},"end":{"line":18,"column":18}},"loc":{"start":{"line":18,"column":34},"end":{"line":28,"column":1}},"line":18},"1":{"name":"(anonymous_1)","decl":{"start":{"line":20,"column":21},"end":{"line":20,"column":22}},"loc":{"start":{"line":20,"column":31},"end":{"line":25,"column":5}},"line":20},"2":{"name":"(anonymous_2)","decl":{"start":{"line":27,"column":22},"end":{"line":27,"column":23}},"loc":{"start":{"line":27,"column":30},"end":{"line":27,"column":49}},"line":27},"3":{"name":"(anonymous_3)","decl":{"start":{"line":30,"column":14},"end":{"line":30,"column":15}},"loc":{"start":{"line":30,"column":53},"end":{"line":51,"column":1}},"line":30},"4":{"name":"(anonymous_4)","decl":{"start":{"line":45,"column":23},"end":{"line":45,"column":24}},"loc":{"start":{"line":45,"column":32},"end":{"line":45,"column":92}},"line":45},"5":{"name":"(anonymous_5)","decl":{"start":{"line":47,"column":23},"end":{"line":47,"column":24}},"loc":{"start":{"line":47,"column":32},"end":{"line":47,"column":105}},"line":47}},"branchMap":{"0":{"loc":{"start":{"line":19,"column":2},"end":{"line":26,"column":3}},"type":"if","locations":[{"start":{"line":19,"column":2},"end":{"line":26,"column":3}},{"start":{"line":19,"column":2},"end":{"line":26,"column":3}}],"line":19},"1":{"loc":{"start":{"line":21,"column":6},"end":{"line":23,"column":7}},"type":"if","locations":[{"start":{"line":21,"column":6},"end":{"line":23,"column":7}},{"start":{"line":21,"column":6},"end":{"line":23,"column":7}}],"line":21},"2":{"loc":{"start":{"line":30,"column":15},"end":{"line":30,"column":40}},"type":"default-arg","locations":[{"start":{"line":30,"column":23},"end":{"line":30,"column":40}}],"line":30},"3":{"loc":{"start":{"line":31,"column":2},"end":{"line":50,"column":3}},"type":"switch","locations":[{"start":{"line":32,"column":4},"end":{"line":41,"column":8}},{"start":{"line":42,"column":4},"end":{"line":43,"column":81}},{"start":{"line":44,"column":4},"end":{"line":45,"column":95}},{"start":{"line":46,"column":4},"end":{"line":47,"column":108}},{"start":{"line":48,"column":4},"end":{"line":49,"column":19}}],"line":31},"4":{"loc":{"start":{"line":45,"column":32},"end":{"line":45,"column":92}},"type":"cond-expr","locations":[{"start":{"line":45,"column":58},"end":{"line":45,"column":85}},{"start":{"line":45,"column":88},"end":{"line":45,"column":92}}],"line":45},"5":{"loc":{"start":{"line":47,"column":32},"end":{"line":47,"column":105}},"type":"cond-expr","locations":[{"start":{"line":47,"column":62},"end":{"line":47,"column":98}},{"start":{"line":47,"column":101},"end":{"line":47,"column":105}}],"line":47}},"s":{"0":1,"1":1,"2":0,"3":0,"4":0,"5":0,"6":0,"7":0,"8":0,"9":1,"10":0,"11":0,"12":0,"13":0,"14":0,"15":0,"16":0,"17":0},"f":{"0":0,"1":0,"2":0,"3":0,"4":0,"5":0},"b":{"0":[0,0],"1":[0,0],"2":[0],"3":[0,0,0,0,0],"4":[0,0],"5":[0,0]},"_coverageSchema":"332fd63041d2c1bcb487cc26dd0d5f7d97098a6c","hash":"5cadb891e8194d4c1ea0e8681bb0dae940cf1bc4"}
,"/Users/joao/Sites/task-tool/src/js/modules/Cards/index.js": {"path":"/Users/joao/Sites/task-tool/src/js/modules/Cards/index.js","statementMap":{},"fnMap":{},"branchMap":{},"s":{},"f":{},"b":{},"_coverageSchema":"332fd63041d2c1bcb487cc26dd0d5f7d97098a6c","hash":"155f56aedf806b4d1a6c1b3f8b0e8c46930624ec"}
,"/Users/joao/Sites/task-tool/src/js/modules/Cards/components/BtnAddCard/BtnAddCard.js": {"path":"/Users/joao/Sites/task-tool/src/js/modules/Cards/components/BtnAddCard/BtnAddCard.js","statementMap":{"0":{"start":{"line":6,"column":19},"end":{"line":8,"column":1}},"1":{"start":{"line":7,"column":2},"end":{"line":7,"column":84}},"2":{"start":{"line":10,"column":0},"end":{"line":12,"column":2}}},"fnMap":{"0":{"name":"(anonymous_0)","decl":{"start":{"line":6,"column":19},"end":{"line":6,"column":20}},"loc":{"start":{"line":7,"column":2},"end":{"line":7,"column":84}},"line":7}},"branchMap":{},"s":{"0":1,"1":0,"2":1},"f":{"0":0},"b":{},"_coverageSchema":"332fd63041d2c1bcb487cc26dd0d5f7d97098a6c","hash":"eaac65b341f50475fcfcf6f370d5855b79bca8e2"}
,"/Users/joao/Sites/task-tool/src/js/modules/Cards/components/BtnAddCard/index.js": {"path":"/Users/joao/Sites/task-tool/src/js/modules/Cards/components/BtnAddCard/index.js","statementMap":{},"fnMap":{},"branchMap":{},"s":{},"f":{},"b":{},"_coverageSchema":"332fd63041d2c1bcb487cc26dd0d5f7d97098a6c","hash":"6cabc7d1217dd1ffd6832f38dab105f52b57218b"}
,"/Users/joao/Sites/task-tool/src/js/modules/Cards/components/Card/Card.js": {"path":"/Users/joao/Sites/task-tool/src/js/modules/Cards/components/Card/Card.js","statementMap":{"0":{"start":{"line":9,"column":19},"end":{"line":24,"column":1}},"1":{"start":{"line":11,"column":4},"end":{"line":13,"column":6}},"2":{"start":{"line":16,"column":4},"end":{"line":18,"column":5}},"3":{"start":{"line":17,"column":6},"end":{"line":17,"column":13}},"4":{"start":{"line":19,"column":24},"end":{"line":19,"column":47}},"5":{"start":{"line":20,"column":32},"end":{"line":20,"column":37}},"6":{"start":{"line":22,"column":4},"end":{"line":22,"column":29}},"7":{"start":{"line":27,"column":2},"end":{"line":30,"column":4}},"8":{"start":{"line":33,"column":22},"end":{"line":36,"column":2}},"9":{"start":{"line":33,"column":36},"end":{"line":36,"column":2}},"10":{"start":{"line":38,"column":13},"end":{"line":44,"column":1}},"11":{"start":{"line":38,"column":103},"end":{"line":44,"column":1}},"12":{"start":{"line":39,"column":80},"end":{"line":39,"column":94}},"13":{"start":{"line":46,"column":0},"end":{"line":51,"column":2}}},"fnMap":{"0":{"name":"collect","decl":{"start":{"line":26,"column":9},"end":{"line":26,"column":16}},"loc":{"start":{"line":26,"column":35},"end":{"line":31,"column":1}},"line":26},"1":{"name":"(anonymous_1)","decl":{"start":{"line":33,"column":22},"end":{"line":33,"column":23}},"loc":{"start":{"line":33,"column":36},"end":{"line":36,"column":2}},"line":33},"2":{"name":"(anonymous_2)","decl":{"start":{"line":38,"column":13},"end":{"line":38,"column":14}},"loc":{"start":{"line":38,"column":103},"end":{"line":44,"column":1}},"line":38},"3":{"name":"(anonymous_3)","decl":{"start":{"line":39,"column":74},"end":{"line":39,"column":75}},"loc":{"start":{"line":39,"column":80},"end":{"line":39,"column":94}},"line":39}},"branchMap":{"0":{"loc":{"start":{"line":16,"column":4},"end":{"line":18,"column":5}},"type":"if","locations":[{"start":{"line":16,"column":4},"end":{"line":18,"column":5}},{"start":{"line":16,"column":4},"end":{"line":18,"column":5}}],"line":16},"1":{"loc":{"start":{"line":40,"column":5},"end":{"line":42,"column":21}},"type":"cond-expr","locations":[{"start":{"line":41,"column":10},"end":{"line":41,"column":80}},{"start":{"line":42,"column":10},"end":{"line":42,"column":21}}],"line":40}},"s":{"0":2,"1":0,"2":0,"3":0,"4":0,"5":0,"6":0,"7":0,"8":2,"9":0,"10":2,"11":0,"12":0,"13":2},"f":{"0":0,"1":0,"2":0,"3":0},"b":{"0":[0,0],"1":[0,0]},"_coverageSchema":"332fd63041d2c1bcb487cc26dd0d5f7d97098a6c","hash":"78215e0c2e87631bd07a0307461aa1c14eef9091"}
,"/Users/joao/Sites/task-tool/src/js/modules/Cards/components/Card/index.js": {"path":"/Users/joao/Sites/task-tool/src/js/modules/Cards/components/Card/index.js","statementMap":{},"fnMap":{},"branchMap":{},"s":{},"f":{},"b":{},"_coverageSchema":"332fd63041d2c1bcb487cc26dd0d5f7d97098a6c","hash":"ac7a4505643dd6f5b7c1597e01f1f688562c84d9"}
,"/Users/joao/Sites/task-tool/src/js/modules/Cards/components/CardForm/CardForm.js": {"path":"/Users/joao/Sites/task-tool/src/js/modules/Cards/components/CardForm/CardForm.js","statementMap":{"0":{"start":{"line":8,"column":4},"end":{"line":8,"column":17}},"1":{"start":{"line":10,"column":4},"end":{"line":12,"column":6}},"2":{"start":{"line":14,"column":4},"end":{"line":14,"column":67}},"3":{"start":{"line":15,"column":4},"end":{"line":15,"column":69}},"4":{"start":{"line":16,"column":4},"end":{"line":16,"column":63}},"5":{"start":{"line":20,"column":4},"end":{"line":22,"column":5}},"6":{"start":{"line":21,"column":6},"end":{"line":21,"column":22}},"7":{"start":{"line":26,"column":4},"end":{"line":28,"column":5}},"8":{"start":{"line":27,"column":6},"end":{"line":27,"column":22}},"9":{"start":{"line":32,"column":4},"end":{"line":34,"column":7}},"10":{"start":{"line":38,"column":4},"end":{"line":43,"column":5}},"11":{"start":{"line":39,"column":6},"end":{"line":42,"column":9}},"12":{"start":{"line":47,"column":4},"end":{"line":50,"column":7}},"13":{"start":{"line":54,"column":4},"end":{"line":63,"column":6}},"14":{"start":{"line":56,"column":23},"end":{"line":56,"column":36}},"15":{"start":{"line":67,"column":0},"end":{"line":71,"column":2}}},"fnMap":{"0":{"name":"(anonymous_0)","decl":{"start":{"line":7,"column":2},"end":{"line":7,"column":3}},"loc":{"start":{"line":7,"column":21},"end":{"line":17,"column":3}},"line":7},"1":{"name":"(anonymous_1)","decl":{"start":{"line":19,"column":2},"end":{"line":19,"column":3}},"loc":{"start":{"line":19,"column":22},"end":{"line":23,"column":3}},"line":19},"2":{"name":"(anonymous_2)","decl":{"start":{"line":25,"column":2},"end":{"line":25,"column":3}},"loc":{"start":{"line":25,"column":23},"end":{"line":29,"column":3}},"line":25},"3":{"name":"(anonymous_3)","decl":{"start":{"line":31,"column":2},"end":{"line":31,"column":3}},"loc":{"start":{"line":31,"column":29},"end":{"line":35,"column":3}},"line":31},"4":{"name":"(anonymous_4)","decl":{"start":{"line":37,"column":2},"end":{"line":37,"column":3}},"loc":{"start":{"line":37,"column":30},"end":{"line":44,"column":3}},"line":37},"5":{"name":"(anonymous_5)","decl":{"start":{"line":46,"column":2},"end":{"line":46,"column":3}},"loc":{"start":{"line":46,"column":22},"end":{"line":51,"column":3}},"line":46},"6":{"name":"(anonymous_6)","decl":{"start":{"line":53,"column":2},"end":{"line":53,"column":3}},"loc":{"start":{"line":53,"column":11},"end":{"line":64,"column":3}},"line":53},"7":{"name":"(anonymous_7)","decl":{"start":{"line":56,"column":13},"end":{"line":56,"column":14}},"loc":{"start":{"line":56,"column":21},"end":{"line":56,"column":38}},"line":56}},"branchMap":{"0":{"loc":{"start":{"line":20,"column":4},"end":{"line":22,"column":5}},"type":"if","locations":[{"start":{"line":20,"column":4},"end":{"line":22,"column":5}},{"start":{"line":20,"column":4},"end":{"line":22,"column":5}}],"line":20},"1":{"loc":{"start":{"line":26,"column":4},"end":{"line":28,"column":5}},"type":"if","locations":[{"start":{"line":26,"column":4},"end":{"line":28,"column":5}},{"start":{"line":26,"column":4},"end":{"line":28,"column":5}}],"line":26},"2":{"loc":{"start":{"line":38,"column":4},"end":{"line":43,"column":5}},"type":"if","locations":[{"start":{"line":38,"column":4},"end":{"line":43,"column":5}},{"start":{"line":38,"column":4},"end":{"line":43,"column":5}}],"line":38}},"s":{"0":0,"1":0,"2":0,"3":0,"4":0,"5":0,"6":0,"7":0,"8":0,"9":0,"10":0,"11":0,"12":0,"13":0,"14":0,"15":2},"f":{"0":0,"1":0,"2":0,"3":0,"4":0,"5":0,"6":0,"7":0},"b":{"0":[0,0],"1":[0,0],"2":[0,0]},"_coverageSchema":"332fd63041d2c1bcb487cc26dd0d5f7d97098a6c","hash":"7b76cf50a51b1de70b89798398b88625d2c692a5"}
,"/Users/joao/Sites/task-tool/src/js/modules/Cards/components/CardForm/index.js": {"path":"/Users/joao/Sites/task-tool/src/js/modules/Cards/components/CardForm/index.js","statementMap":{},"fnMap":{},"branchMap":{},"s":{},"f":{},"b":{},"_coverageSchema":"332fd63041d2c1bcb487cc26dd0d5f7d97098a6c","hash":"e11172386bbb7813753d6cf79df852ab4d3cee3a"}
,"/Users/joao/Sites/task-tool/src/js/modules/Cards/components/CardsList/CardsList.js": {"path":"/Users/joao/Sites/task-tool/src/js/modules/Cards/components/CardsList/CardsList.js","statementMap":{"0":{"start":{"line":10,"column":18},"end":{"line":23,"column":1}},"1":{"start":{"line":11,"column":2},"end":{"line":22,"column":7}},"2":{"start":{"line":12,"column":51},"end":{"line":20,"column":6}},"3":{"start":{"line":21,"column":31},"end":{"line":21,"column":57}},"4":{"start":{"line":25,"column":0},"end":{"line":32,"column":2}}},"fnMap":{"0":{"name":"(anonymous_0)","decl":{"start":{"line":10,"column":18},"end":{"line":10,"column":19}},"loc":{"start":{"line":11,"column":2},"end":{"line":22,"column":7}},"line":11},"1":{"name":"(anonymous_1)","decl":{"start":{"line":12,"column":15},"end":{"line":12,"column":16}},"loc":{"start":{"line":12,"column":51},"end":{"line":20,"column":6}},"line":12},"2":{"name":"(anonymous_2)","decl":{"start":{"line":21,"column":25},"end":{"line":21,"column":26}},"loc":{"start":{"line":21,"column":31},"end":{"line":21,"column":57}},"line":21}},"branchMap":{},"s":{"0":1,"1":0,"2":0,"3":0,"4":1},"f":{"0":0,"1":0,"2":0},"b":{},"_coverageSchema":"332fd63041d2c1bcb487cc26dd0d5f7d97098a6c","hash":"f0435c61d66184533db61613d774e532e9c9972d"}
,"/Users/joao/Sites/task-tool/src/js/modules/Cards/components/CardsList/index.js": {"path":"/Users/joao/Sites/task-tool/src/js/modules/Cards/components/CardsList/index.js","statementMap":{},"fnMap":{},"branchMap":{},"s":{},"f":{},"b":{},"_coverageSchema":"332fd63041d2c1bcb487cc26dd0d5f7d97098a6c","hash":"cc84881cba5d6a2e548d7a9a6cbbe32541ca7e25"}
}
